<?xml version="1.0" encoding="UTF-8"?>
<testng-results ignored="0" total="6" passed="5" failed="1" skipped="0">
  <reporter-output>
  </reporter-output>
  <suite started-at="2024-02-25T08:57:50 IST" name="Default suite" finished-at="2024-02-25T08:58:15 IST" duration-ms="24270">
    <groups>
    </groups>
    <test started-at="2024-02-25T08:57:50 IST" name="Default test" finished-at="2024-02-25T08:58:15 IST" duration-ms="24270">
      <class name="Test.Demotest">
        <test-method is-config="true" signature="configureExtentReport()[pri:0, instance:Test.Demotest@55a147cc]" started-at="2024-02-25T08:57:50 IST" name="configureExtentReport" finished-at="2024-02-25T08:57:51 IST" duration-ms="378" status="PASS">
          <reporter-output>
          </reporter-output>
        </test-method> <!-- configureExtentReport -->
        <test-method is-config="true" signature="openbrowser()[pri:0, instance:Test.Demotest@55a147cc]" started-at="2024-02-25T08:57:51 IST" name="openbrowser" finished-at="2024-02-25T08:58:01 IST" duration-ms="10342" status="PASS">
          <reporter-output>
          </reporter-output>
        </test-method> <!-- openbrowser -->
        <test-method signature="verifyHeadline()[pri:1, instance:Test.Demotest@55a147cc]" started-at="2024-02-25T08:58:01 IST" name="verifyHeadline" finished-at="2024-02-25T08:58:03 IST" duration-ms="1901" status="PASS">
          <reporter-output>
          </reporter-output>
        </test-method> <!-- verifyHeadline -->
        <test-method is-config="true" signature="tearDown(org.testng.ITestResult)[pri:0, instance:Test.Demotest@55a147cc]" started-at="2024-02-25T08:58:03 IST" name="tearDown" finished-at="2024-02-25T08:58:03 IST" duration-ms="20" status="PASS">
          <params>
            <param index="0">
              <value>
                <![CDATA[[TestResult name=verifyHeadline status=SUCCESS method=Demotest.verifyHeadline()[pri:1, instance:Test.Demotest@55a147cc] output={null}]]]>
              </value>
            </param>
          </params>
          <reporter-output>
          </reporter-output>
        </test-method> <!-- tearDown -->
        <test-method signature="verifyfirstname()[pri:2, instance:Test.Demotest@55a147cc]" started-at="2024-02-25T08:58:03 IST" name="verifyfirstname" finished-at="2024-02-25T08:58:03 IST" duration-ms="541" status="PASS">
          <reporter-output>
          </reporter-output>
        </test-method> <!-- verifyfirstname -->
        <test-method is-config="true" signature="tearDown(org.testng.ITestResult)[pri:0, instance:Test.Demotest@55a147cc]" started-at="2024-02-25T08:58:03 IST" name="tearDown" finished-at="2024-02-25T08:58:03 IST" duration-ms="0" status="PASS">
          <params>
            <param index="0">
              <value>
                <![CDATA[[TestResult name=verifyfirstname status=SUCCESS method=Demotest.verifyfirstname()[pri:2, instance:Test.Demotest@55a147cc] output={null}]]]>
              </value>
            </param>
          </params>
          <reporter-output>
          </reporter-output>
        </test-method> <!-- tearDown -->
        <test-method signature="verifyEmail()[pri:3, instance:Test.Demotest@55a147cc]" started-at="2024-02-25T08:58:04 IST" name="verifyEmail" finished-at="2024-02-25T08:58:04 IST" duration-ms="355" status="PASS">
          <reporter-output>
          </reporter-output>
        </test-method> <!-- verifyEmail -->
        <test-method is-config="true" signature="tearDown(org.testng.ITestResult)[pri:0, instance:Test.Demotest@55a147cc]" started-at="2024-02-25T08:58:04 IST" name="tearDown" finished-at="2024-02-25T08:58:04 IST" duration-ms="1" status="PASS">
          <params>
            <param index="0">
              <value>
                <![CDATA[[TestResult name=verifyEmail status=SUCCESS method=Demotest.verifyEmail()[pri:3, instance:Test.Demotest@55a147cc] output={null}]]]>
              </value>
            </param>
          </params>
          <reporter-output>
          </reporter-output>
        </test-method> <!-- tearDown -->
        <test-method signature="verifyDateOfBirth()[pri:4, instance:Test.Demotest@55a147cc]" started-at="2024-02-25T08:58:04 IST" name="verifyDateOfBirth" finished-at="2024-02-25T08:58:07 IST" duration-ms="3297" status="PASS">
          <reporter-output>
          </reporter-output>
        </test-method> <!-- verifyDateOfBirth -->
        <test-method is-config="true" signature="tearDown(org.testng.ITestResult)[pri:0, instance:Test.Demotest@55a147cc]" started-at="2024-02-25T08:58:07 IST" name="tearDown" finished-at="2024-02-25T08:58:07 IST" duration-ms="1" status="PASS">
          <params>
            <param index="0">
              <value>
                <![CDATA[[TestResult name=verifyDateOfBirth status=SUCCESS method=Demotest.verifyDateOfBirth()[pri:4, instance:Test.Demotest@55a147cc] output={null}]]]>
              </value>
            </param>
          </params>
          <reporter-output>
          </reporter-output>
        </test-method> <!-- tearDown -->
        <test-method signature="verifySubject()[pri:5, instance:Test.Demotest@55a147cc]" started-at="2024-02-25T08:58:07 IST" name="verifySubject" finished-at="2024-02-25T08:58:07 IST" duration-ms="156" status="FAIL">
          <exception class="org.openqa.selenium.ElementNotInteractableException">
            <message>
              <![CDATA[element not interactable
  (Session info: chrome=122.0.6261.69)
Build info: version: '4.17.0', revision: 'e52b1be057*'
System info: os.name: 'Windows 11', os.arch: 'amd64', os.version: '10.0', java.version: '17.0.7'
Driver info: org.openqa.selenium.chrome.ChromeDriver
Command: [83e56d75464a15a92ac9ee22fa85d5e1, sendKeysToElement {value=[Ljava.lang.CharSequence;@cda6019, id=f.AEB2F2B03698081CD549A39DE7E09554.d.7FBACBD7F4D68FD4BF9B1F10935CB6C6.e.71}]
Capabilities {acceptInsecureCerts: false, browserName: chrome, browserVersion: 122.0.6261.69, chrome: {chromedriverVersion: 122.0.6261.69 (81bc525b6a36..., userDataDir: C:\Users\MATIND~1\AppData\L...}, fedcm:accounts: true, goog:chromeOptions: {debuggerAddress: localhost:53524}, networkConnectionEnabled: false, pageLoadStrategy: normal, platformName: windows, proxy: Proxy(), se:cdp: ws://localhost:53524/devtoo..., se:cdpVersion: 122.0.6261.69, setWindowRect: true, strictFileInteractability: false, timeouts: {implicit: 0, pageLoad: 300000, script: 30000}, unhandledPromptBehavior: dismiss and notify, webauthn:extension:credBlob: true, webauthn:extension:largeBlob: true, webauthn:extension:minPinLength: true, webauthn:extension:prf: true, webauthn:virtualAuthenticators: true}
Element: [[ChromeDriver: chrome on windows (83e56d75464a15a92ac9ee22fa85d5e1)] -> xpath: //*[@id="subjectsContainer"]/div/div[1]]
Session ID: 83e56d75464a15a92ac9ee22fa85d5e1]]>
            </message>
            <full-stacktrace>
              <![CDATA[org.openqa.selenium.ElementNotInteractableException: element not interactable
  (Session info: chrome=122.0.6261.69)
Build info: version: '4.17.0', revision: 'e52b1be057*'
System info: os.name: 'Windows 11', os.arch: 'amd64', os.version: '10.0', java.version: '17.0.7'
Driver info: org.openqa.selenium.chrome.ChromeDriver
Command: [83e56d75464a15a92ac9ee22fa85d5e1, sendKeysToElement {value=[Ljava.lang.CharSequence;@cda6019, id=f.AEB2F2B03698081CD549A39DE7E09554.d.7FBACBD7F4D68FD4BF9B1F10935CB6C6.e.71}]
Capabilities {acceptInsecureCerts: false, browserName: chrome, browserVersion: 122.0.6261.69, chrome: {chromedriverVersion: 122.0.6261.69 (81bc525b6a36..., userDataDir: C:\Users\MATIND~1\AppData\L...}, fedcm:accounts: true, goog:chromeOptions: {debuggerAddress: localhost:53524}, networkConnectionEnabled: false, pageLoadStrategy: normal, platformName: windows, proxy: Proxy(), se:cdp: ws://localhost:53524/devtoo..., se:cdpVersion: 122.0.6261.69, setWindowRect: true, strictFileInteractability: false, timeouts: {implicit: 0, pageLoad: 300000, script: 30000}, unhandledPromptBehavior: dismiss and notify, webauthn:extension:credBlob: true, webauthn:extension:largeBlob: true, webauthn:extension:minPinLength: true, webauthn:extension:prf: true, webauthn:virtualAuthenticators: true}
Element: [[ChromeDriver: chrome on windows (83e56d75464a15a92ac9ee22fa85d5e1)] -> xpath: //*[@id="subjectsContainer"]/div/div[1]]
Session ID: 83e56d75464a15a92ac9ee22fa85d5e1
at java.base/jdk.internal.reflect.NativeConstructorAccessorImpl.newInstance0(Native Method)
at java.base/jdk.internal.reflect.NativeConstructorAccessorImpl.newInstance(NativeConstructorAccessorImpl.java:77)
at java.base/jdk.internal.reflect.DelegatingConstructorAccessorImpl.newInstance(DelegatingConstructorAccessorImpl.java:45)
at java.base/java.lang.reflect.Constructor.newInstanceWithCaller(Constructor.java:499)
at java.base/java.lang.reflect.Constructor.newInstance(Constructor.java:480)
at org.openqa.selenium.remote.codec.w3c.W3CHttpResponseCodec.createException(W3CHttpResponseCodec.java:185)
at org.openqa.selenium.remote.codec.w3c.W3CHttpResponseCodec.decode(W3CHttpResponseCodec.java:134)
at org.openqa.selenium.remote.codec.w3c.W3CHttpResponseCodec.decode(W3CHttpResponseCodec.java:51)
at org.openqa.selenium.remote.HttpCommandExecutor.execute(HttpCommandExecutor.java:190)
at org.openqa.selenium.remote.service.DriverCommandExecutor.invokeExecute(DriverCommandExecutor.java:216)
at org.openqa.selenium.remote.service.DriverCommandExecutor.execute(DriverCommandExecutor.java:174)
at org.openqa.selenium.remote.RemoteWebDriver.execute(RemoteWebDriver.java:519)
at org.openqa.selenium.remote.RemoteWebElement.execute(RemoteWebElement.java:223)
at org.openqa.selenium.remote.RemoteWebElement.sendKeys(RemoteWebElement.java:110)
at java.base/jdk.internal.reflect.NativeMethodAccessorImpl.invoke0(Native Method)
at java.base/jdk.internal.reflect.NativeMethodAccessorImpl.invoke(NativeMethodAccessorImpl.java:77)
at java.base/jdk.internal.reflect.DelegatingMethodAccessorImpl.invoke(DelegatingMethodAccessorImpl.java:43)
at java.base/java.lang.reflect.Method.invoke(Method.java:568)
at org.openqa.selenium.support.pagefactory.internal.LocatingElementHandler.invoke(LocatingElementHandler.java:51)
at jdk.proxy2/jdk.proxy2.$Proxy17.sendKeys(Unknown Source)
at pages.PomPages.entersubject(PomPages.java:104)
at Test.Demotest.verifySubject(Demotest.java:113)
at java.base/jdk.internal.reflect.NativeMethodAccessorImpl.invoke0(Native Method)
at java.base/jdk.internal.reflect.NativeMethodAccessorImpl.invoke(NativeMethodAccessorImpl.java:77)
at java.base/jdk.internal.reflect.DelegatingMethodAccessorImpl.invoke(DelegatingMethodAccessorImpl.java:43)
at java.base/java.lang.reflect.Method.invoke(Method.java:568)
at org.testng.internal.invokers.MethodInvocationHelper.invokeMethod(MethodInvocationHelper.java:139)
at org.testng.internal.invokers.TestInvoker.invokeMethod(TestInvoker.java:677)
at org.testng.internal.invokers.TestInvoker.invokeTestMethod(TestInvoker.java:221)
at org.testng.internal.invokers.MethodRunner.runInSequence(MethodRunner.java:50)
at org.testng.internal.invokers.TestInvoker$MethodInvocationAgent.invoke(TestInvoker.java:969)
at org.testng.internal.invokers.TestInvoker.invokeTestMethods(TestInvoker.java:194)
at org.testng.internal.invokers.TestMethodWorker.invokeTestMethods(TestMethodWorker.java:148)
at org.testng.internal.invokers.TestMethodWorker.run(TestMethodWorker.java:128)
at java.base/java.util.ArrayList.forEach(ArrayList.java:1511)
at org.testng.TestRunner.privateRun(TestRunner.java:829)
at org.testng.TestRunner.run(TestRunner.java:602)
at org.testng.SuiteRunner.runTest(SuiteRunner.java:437)
at org.testng.SuiteRunner.runSequentially(SuiteRunner.java:431)
at org.testng.SuiteRunner.privateRun(SuiteRunner.java:391)
at org.testng.SuiteRunner.run(SuiteRunner.java:330)
at org.testng.SuiteRunnerWorker.runSuite(SuiteRunnerWorker.java:52)
at org.testng.SuiteRunnerWorker.run(SuiteRunnerWorker.java:95)
at org.testng.TestNG.runSuitesSequentially(TestNG.java:1256)
at org.testng.TestNG.runSuitesLocally(TestNG.java:1176)
at org.testng.TestNG.runSuites(TestNG.java:1099)
at org.testng.TestNG.run(TestNG.java:1067)
at org.testng.remote.AbstractRemoteTestNG.run(AbstractRemoteTestNG.java:115)
at org.testng.remote.RemoteTestNG.initAndRun(RemoteTestNG.java:251)
at org.testng.remote.RemoteTestNG.main(RemoteTestNG.java:77)
]]>
            </full-stacktrace>
          </exception> <!-- org.openqa.selenium.ElementNotInteractableException -->
          <reporter-output>
          </reporter-output>
        </test-method> <!-- verifySubject -->
        <test-method is-config="true" signature="tearDown(org.testng.ITestResult)[pri:0, instance:Test.Demotest@55a147cc]" started-at="2024-02-25T08:58:07 IST" name="tearDown" finished-at="2024-02-25T08:58:08 IST" duration-ms="358" status="PASS">
          <params>
            <param index="0">
              <value>
                <![CDATA[[TestResult name=verifySubject status=FAILURE method=Demotest.verifySubject()[pri:5, instance:Test.Demotest@55a147cc] output={null}]]]>
              </value>
            </param>
          </params>
          <reporter-output>
          </reporter-output>
        </test-method> <!-- tearDown -->
        <test-method signature="submitForm()[pri:6, instance:Test.Demotest@55a147cc]" started-at="2024-02-25T08:58:08 IST" name="submitForm" finished-at="2024-02-25T08:58:10 IST" duration-ms="2285" status="PASS">
          <reporter-output>
          </reporter-output>
        </test-method> <!-- submitForm -->
        <test-method is-config="true" signature="tearDown(org.testng.ITestResult)[pri:0, instance:Test.Demotest@55a147cc]" started-at="2024-02-25T08:58:10 IST" name="tearDown" finished-at="2024-02-25T08:58:10 IST" duration-ms="1" status="PASS">
          <params>
            <param index="0">
              <value>
                <![CDATA[[TestResult name=submitForm status=SUCCESS method=Demotest.submitForm()[pri:6, instance:Test.Demotest@55a147cc] output={null}]]]>
              </value>
            </param>
          </params>
          <reporter-output>
          </reporter-output>
        </test-method> <!-- tearDown -->
        <test-method is-config="true" signature="closeBrowser()[pri:0, instance:Test.Demotest@55a147cc]" started-at="2024-02-25T08:58:10 IST" name="closeBrowser" finished-at="2024-02-25T08:58:14 IST" duration-ms="3868" status="PASS">
          <reporter-output>
          </reporter-output>
        </test-method> <!-- closeBrowser -->
        <test-method is-config="true" signature="endReport()[pri:0, instance:Test.Demotest@55a147cc]" started-at="2024-02-25T08:58:14 IST" name="endReport" finished-at="2024-02-25T08:58:15 IST" duration-ms="666" status="PASS">
          <reporter-output>
          </reporter-output>
        </test-method> <!-- endReport -->
      </class> <!-- Test.Demotest -->
    </test> <!-- Default test -->
  </suite> <!-- Default suite -->
</testng-results>
